Arguments: 
  C:\Program Files (x86)\NodeJs\node.exe C:\Users\Evgen\AppData\Roaming\npm\node_modules\yarn\bin\yarn.js add eslint --dev

PATH: 
  C:\WINDOWS\system32;C:\WINDOWS;C:\WINDOWS\System32\Wbem;C:\WINDOWS\System32\WindowsPowerShell\v1.0\;C:\WINDOWS\System32\OpenSSH\;C:\Program Files (x86)\Brackets\command;C:\Program Files\NVIDIA Corporation\NVIDIA NvDLISR;C:\php;;C:\Program Files (x86)\NVIDIA Corporation\PhysX\Common;C:\Program Files\dotnet\;C:\Program Files\Microsoft SQL Server\130\Tools\Binn\;C:\Program Files\Microsoft SQL Server\Client SDK\ODBC\170\Tools\Binn\;C:\Program Files (x86)\NodeJs\;C:\Users\Evgen\AppData\Local\Programs\Python\Python37\Scripts\;C:\Users\Evgen\AppData\Local\Programs\Python\Python37\;C:\Users\Evgen\AppData\Local\Microsoft\WindowsApps;C:\Users\Evgen\AppData\Local\GitHubDesktop\bin;C:\Users\Evgen\AppData\Local\atom\bin;C:\php;;C:\Program Files\JetBrains\IntelliJ IDEA Community Edition 2020.1.3\bin;;C:\Users\Evgen\.dotnet\tools;C:\Users\Evgen\AppData\Local\Programs\Microsoft VS Code\bin;C:\Users\Evgen\AppData\Roaming\npm

Yarn version: 
  1.22.10

Node version: 
  12.19.0

Platform: 
  win32 x64

Trace: 
  Error: EPERM: operation not permitted, copyfile 'C:\Users\Evgen\AppData\Local\Yarn\Cache\v6\npm-emoji-regex-7.0.3-933a04052860c85e83c122479c4748a8e4c72156-integrity\node_modules\emoji-regex\LICENSE-MIT.txt' -> 'C:\Users\Evgen\Documents\GitHub\Web-Part2\PhotoEditor\node_modules\emoji-regex\LICENSE-MIT.txt'

npm manifest: 
  {
    "name": "PhotoEditor",
    "version": "1.0.0",
    "main": "index.js",
    "license": "MIT"
  }

yarn manifest: 
  No manifest

Lockfile: 
  No lockfile
